<?xml version="1.0" encoding="UTF-8"?>
<testng-results ignored="0" total="1" passed="1" failed="0" skipped="0">
  <reporter-output>
  </reporter-output>
  <suite started-at="2022-06-14T12:38:09 IST" name="Default suite" finished-at="2022-06-14T12:38:12 IST" duration-ms="2154">
    <groups>
    </groups>
    <test started-at="2022-06-14T12:38:09 IST" name="Default test" finished-at="2022-06-14T12:38:12 IST" duration-ms="2154">
      <class name="com.qa.api.dunzo.test.Post_Api_Test">
        <test-method signature="post_User_Test()[pri:0, instance:com.qa.api.dunzo.test.Post_Api_Test@78123e82]" started-at="2022-06-14T12:38:09 IST" name="post_User_Test" finished-at="2022-06-14T12:38:12 IST" duration-ms="2132" status="PASS">
          <reporter-output>
          </reporter-output>
        </test-method> <!-- post_User_Test -->
      </class> <!-- com.qa.api.dunzo.test.Post_Api_Test -->
    </test> <!-- Default test -->
  </suite> <!-- Default suite -->
</testng-results>
